Sun 01/26/2014 
start 
finish 
Sun 01/26/2014 
start 
Mon 01/27/2014 
start 
Tue 01/28/2014 
start 
Wed 01/29/2014 
start 
Thu 01/30/2014 
start 
Fri 01/31/2014 
start 
Sat 02/01/2014 
start 
Sun 02/02/2014 
start 
Mon 02/03/2014 
start 
Tue 02/04/2014 
start 
Wed 02/05/2014 
start 
Thu 02/06/2014 
start 
Fri 02/07/2014 
start 
Sat 02/08/2014 
start 
Sun 02/09/2014 
start 
Mon 02/10/2014 
start 
Tue 02/11/2014 
start 
Wed 02/12/2014 
start 
Thu 02/13/2014 
start 
Fri 02/14/2014 
start 
Sat 02/15/2014 
start 
Sun 02/16/2014 
start 
Mon 02/17/2014 
start 
Tue 02/18/2014 
start 
Wed 02/19/2014 
start 
Thu 02/20/2014 
start 
Fri 02/21/2014 
start 
Sat 02/22/2014 
start 
Sun 02/23/2014 
start 
Mon 02/24/2014 
start 
Tue 02/25/2014 
start 
Wed 02/26/2014 
start 
Thu 02/27/2014 
start 
Fri 02/28/2014 
start 
Sat 03/01/2014 
start 
Sun 03/02/2014 
start 
Mon 03/03/2014 
start 
Tue 03/04/2014 
start 
Wed 03/05/2014 
start 
Thu 03/06/2014 
start 
Fri 03/07/2014 
start 
Sat 03/08/2014 
start 
Sun 03/09/2014 
start 
Mon 03/10/2014 
start 
Tue 03/11/2014 
start 
Wed 03/12/2014 
start 
Thu 03/13/2014 
start 
Fri 03/14/2014 
start 
Sat 03/15/2014 
start 
Sun 03/16/2014 
start 
Mon 03/17/2014 
start 
Tue 03/18/2014 
start 
Wed 03/19/2014 
start 
Thu 03/20/2014 
start 
Fri 03/21/2014 
start 
Sat 03/22/2014 
start 
Sun 03/23/2014 
start 
Mon 03/24/2014 
start 
Tue 03/25/2014 
start 
Wed 03/26/2014 
start 
Thu 03/27/2014 
start 
Fri 03/28/2014 
start 
Sat 03/29/2014 
start 
Sun 03/30/2014 
start 
Mon 03/31/2014 
start 
Tue 04/01/2014 
start 
Wed 04/02/2014 
start 
Thu 04/03/2014 
start 
Fri 04/04/2014 
start 
Sat 04/05/2014 
start 
Sun 04/06/2014 
start 
Mon 04/07/2014 
start 
Tue 04/08/2014 
start 
